<?xml version="1.0" encoding="UTF-8"?>
<testng-results ignored="0" total="1" passed="1" failed="0" skipped="0">
  <reporter-output>
  </reporter-output>
  <suite started-at="2021-05-15T18:25:47Z" name="Default suite" finished-at="2021-05-15T18:25:54Z" duration-ms="6846">
    <groups>
    </groups>
    <test started-at="2021-05-15T18:25:47Z" name="Default test" finished-at="2021-05-15T18:25:54Z" duration-ms="6846">
      <class name="searchTests.TC_01_search">
        <test-method is-config="true" signature="startWebDriver()[pri:0, instance:searchTests.TC_01_search@30c0ccff]" started-at="2021-05-15T13:25:47Z" name="startWebDriver" finished-at="2021-05-15T13:25:48Z" duration-ms="1240" status="PASS">
          <reporter-output>
          </reporter-output>
        </test-method> <!-- startWebDriver -->
        <test-method signature="TC_01_CorrectSearch()[pri:0, instance:searchTests.TC_01_search@30c0ccff]" started-at="2021-05-15T13:25:48Z" name="TC_01_CorrectSearch" finished-at="2021-05-15T13:25:53Z" duration-ms="5447" status="PASS">
          <reporter-output>
          </reporter-output>
        </test-method> <!-- TC_01_CorrectSearch -->
        <test-method is-config="true" signature="closeDriver()[pri:0, instance:searchTests.TC_01_search@30c0ccff]" started-at="2021-05-15T13:25:53Z" name="closeDriver" finished-at="2021-05-15T13:25:54Z" duration-ms="148" status="PASS">
          <reporter-output>
          </reporter-output>
        </test-method> <!-- closeDriver -->
      </class> <!-- searchTests.TC_01_search -->
    </test> <!-- Default test -->
  </suite> <!-- Default suite -->
</testng-results>
